Arguments: 
  E:\nodejs\node.exe C:\Users\邵桐杰\AppData\Roaming\npm\node_modules\yarn\bin\yarn.js init

PATH: 
  C:\Users\邵桐杰\bin;D:\Git\mingw64\bin;D:\Git\usr\local\bin;D:\Git\usr\bin;D:\Git\usr\bin;D:\Git\mingw64\bin;D:\Git\usr\bin;C:\Users\邵桐杰\bin;E:\Linux\VMware\bin;D:\Xftp6;D:\Program Files (x86)\NetSarang\Xshell 6;C:\Program Files (x86)\Common Files\NetSarang;%CATALINA_HOME%\lib;%CATALINA_HOME%\bin;D:\java\jdk\bin;C:\ProgramData\Oracle\Java\javapath;C:\Program Files (x86)\Common Files\Oracle\Java\javapath;C:\Program Files (x86)\Intel\Intel(R) Management Engine Components\iCLS;C:\Program Files\Intel\Intel(R) Management Engine Components\iCLS;C:\Windows\system32;C:\Windows;C:\Windows\System32\Wbem;C:\Windows\System32\WindowsPowerShell\v1.0;C:\Windows\System32\OpenSSH;C:\Program Files (x86)\Intel\Intel(R) Management Engine Components\DAL;C:\Program Files\Intel\Intel(R) Management Engine Components\DAL;C:\Program Files (x86)\Intel\Intel(R) Management Engine Components\IPT;C:\Program Files\Intel\Intel(R) Management Engine Components\IPT;C:\Program Files (x86)\NVIDIA Corporation\PhysX\Common;F:\Program Files\MySQL\MySQL Server 5.5\bin;C:\WINDOWS\system32;C:\WINDOWS;C:\WINDOWS\System32\Wbem;C:\WINDOWS\System32\WindowsPowerShell\v1.0;C:\WINDOWS\System32\OpenSSH;E:\maven\apache-maven-3.5.2\bin;C:\Program Files\MySQL\MySQL Utilities 1.6;E:\nodejs;D:\Git\cmd;D:\Golang\Go\bin;D:\pythom37\Scripts;D:\pythom37;.;F:\永远的答案\文档\软件安装包\mysql-5.6.43-winx64\bin";D:\Users\邵桐杰\AppData\Local\Programs\Microsoft VS Code\bin;F:\永远的答案\文档\软件安装包\mysql-5.6.43-winx64\bin;C:\Users\邵桐杰\AppData\Local\Microsoft\WindowsApps;C:\Users\邵桐杰\AppData\Roaming\npm;C:\go\bin;%DevEco Studio%;E:\GoLand 2021.1\bin;D:\Git\usr\bin\vendor_perl;D:\Git\usr\bin\core_perl

Yarn version: 
  1.22.10

Node version: 
  12.16.1

Platform: 
  win32 x64

Trace: 
  Error: Can't answer a question unless a user TTY
      at ConsoleReporter.question (C:\Users\邵桐杰\AppData\Roaming\npm\node_modules\yarn\lib\cli.js:96361:59)
      at Object.<anonymous> (C:\Users\邵桐杰\AppData\Roaming\npm\node_modules\yarn\lib\cli.js:88636:38)
      at Generator.next (<anonymous>)
      at step (C:\Users\邵桐杰\AppData\Roaming\npm\node_modules\yarn\lib\cli.js:310:30)
      at C:\Users\邵桐杰\AppData\Roaming\npm\node_modules\yarn\lib\cli.js:321:13

npm manifest: 
  No manifest

yarn manifest: 
  No manifest

Lockfile: 
  # THIS IS AN AUTOGENERATED FILE. DO NOT EDIT THIS FILE DIRECTLY.
  # yarn lockfile v1
